<?xml version="1.0" encoding="UTF-8"?>
<!-- Generated by org.testng.reporters.JUnitReportReporter -->
<testsuite skipped="0" hostname="Maktum-PC" name="wait.ImplicitWait_ExplicitWait" tests="1" failures="0" timestamp="13 May 2018 08:37:00 GMT" time="15.347" errors="0">
  <testcase name="f" time="15.347" classname="wait.ImplicitWait_ExplicitWait"/>
</testsuite> <!-- wait.ImplicitWait_ExplicitWait -->
