<?xml version="1.0" encoding="UTF-8"?>
<!-- Generated by org.testng.reporters.JUnitReportReporter -->
<testsuite skipped="0" hostname="Maktum-PC" name="com.selenium.com.CompareTwoImages" tests="1" failures="0" timestamp="13 May 2018 05:00:36 GMT" time="0.156" errors="0">
  <testcase name="imgProcessing" time="0.156" classname="com.selenium.com.CompareTwoImages"/>
</testsuite> <!-- com.selenium.com.CompareTwoImages -->
