<?xml version="1.0" encoding="UTF-8"?>
<!-- Generated by org.testng.reporters.JUnitReportReporter -->
<testsuite skipped="0" hostname="Maktum-PC" name="com.selenium.com.HandlingBootstrapDropdown" tests="1" failures="0" timestamp="13 May 2018 04:27:35 GMT" time="16.764" errors="0">
  <testcase name="f" time="16.764" classname="com.selenium.com.HandlingBootstrapDropdown"/>
</testsuite> <!-- com.selenium.com.HandlingBootstrapDropdown -->
