<?xml version="1.0" encoding="UTF-8"?>
<!-- Generated by org.testng.reporters.JUnitReportReporter -->
<testsuite skipped="0" hostname="Maktum-PC" name="headlessBrowser.HtmlUnitBrowserDemo" tests="1" failures="0" timestamp="13 May 2018 14:59:11 GMT" time="15.328" errors="0">
  <testcase name="browser" time="15.328" classname="headlessBrowser.HtmlUnitBrowserDemo"/>
</testsuite> <!-- headlessBrowser.HtmlUnitBrowserDemo -->
