<?xml version="1.0" encoding="UTF-8"?>
<!-- Generated by org.testng.reporters.JUnitReportReporter -->
<testsuite skipped="0" hostname="Maktum-PC" name="uploadFIle.UploadFileUsingSendkeys" tests="1" failures="0" timestamp="13 May 2018 03:31:38 GMT" time="11.573" errors="0">
  <testcase name="f" time="11.573" classname="uploadFIle.UploadFileUsingSendkeys"/>
</testsuite> <!-- uploadFIle.UploadFileUsingSendkeys -->
