<?xml version="1.0" encoding="UTF-8"?>
<!-- Generated by org.testng.reporters.JUnitReportReporter -->
<testsuite skipped="0" hostname="Maktum-PC" name="grid.FirefoxDemo" tests="1" failures="0" timestamp="13 May 2018 14:17:04 GMT" time="15.853" errors="0">
  <testcase name="testGrid" time="15.853" classname="grid.FirefoxDemo"/>
</testsuite> <!-- grid.FirefoxDemo -->
