<?xml version="1.0" encoding="UTF-8"?>
<!-- Generated by org.testng.reporters.JUnitReportReporter -->
<testsuite skipped="0" hostname="Maktum-PC" name="com.selenium.com.BrokenLink" tests="1" failures="0" timestamp="13 May 2018 03:12:42 GMT" time="68.519" errors="0">
  <testcase name="links" time="68.519" classname="com.selenium.com.BrokenLink"/>
</testsuite> <!-- com.selenium.com.BrokenLink -->
