<?xml version="1.0" encoding="UTF-8"?>
<!-- Generated by org.testng.reporters.JUnitReportReporter -->
<testsuite skipped="0" hostname="Maktum-PC" name="wait.FluentWaitDemo" tests="1" failures="0" timestamp="13 May 2018 09:20:46 GMT" time="28.438" errors="0">
  <testcase name="f" time="28.438" classname="wait.FluentWaitDemo"/>
</testsuite> <!-- wait.FluentWaitDemo -->
