<?xml version="1.0" encoding="UTF-8"?>
<!-- Generated by org.testng.reporters.JUnitReportReporter -->
<testsuite skipped="0" hostname="Maktum-PC" name="grid.ChromeDemo" tests="1" failures="0" timestamp="13 May 2018 14:22:08 GMT" time="15.638" errors="0">
  <testcase name="testGrid" time="15.638" classname="grid.ChromeDemo"/>
</testsuite> <!-- grid.ChromeDemo -->
