<?xml version="1.0" encoding="UTF-8"?>
<!-- Generated by org.testng.reporters.JUnitReportReporter -->
<testsuite skipped="0" hostname="Maktum-PC" name="com.selenium.com.TakeScreenShot" tests="1" failures="0" timestamp="11 May 2018 15:37:57 GMT" time="27.193" errors="0">
  <testcase name="f" time="27.193" classname="com.selenium.com.TakeScreenShot"/>
</testsuite> <!-- com.selenium.com.TakeScreenShot -->
