<?xml version="1.0" encoding="UTF-8"?>
<!-- Generated by org.testng.reporters.JUnitReportReporter -->
<testsuite skipped="0" hostname="Maktum-PC" name="downloadAndSaveImage.SaveImage" tests="1" failures="0" timestamp="12 May 2018 17:27:42 GMT" time="66.336" errors="0">
  <testcase name="saveAction" time="66.336" classname="downloadAndSaveImage.SaveImage"/>
</testsuite> <!-- downloadAndSaveImage.SaveImage -->
