<?xml version="1.0" encoding="UTF-8"?>
<!-- Generated by org.testng.reporters.JUnitReportReporter -->
<testsuite skipped="0" hostname="Maktum-PC" name="uploadFIle.UploadFileusingRobotClass" tests="1" failures="0" timestamp="13 May 2018 04:10:25 GMT" time="19.301" errors="0">
  <testcase name="f" time="19.301" classname="uploadFIle.UploadFileusingRobotClass"/>
</testsuite> <!-- uploadFIle.UploadFileusingRobotClass -->
